#
# There is insufficient memory for the Java Runtime Environment to continue.
# Native memory allocation (malloc) failed to allocate 820416 bytes for Chunk::new
# Possible reasons:
#   The system is out of physical RAM or swap space
#   The process is running with CompressedOops enabled, and the Java Heap may be blocking the growth of the native heap
# Possible solutions:
#   Reduce memory load on the system
#   Increase physical memory or swap space
#   Check if swap backing store is full
#   Decrease Java heap size (-Xmx/-Xms)
#   Decrease number of Java threads
#   Decrease Java thread stack sizes (-Xss)
#   Set larger code cache with -XX:ReservedCodeCacheSize=
#   JVM is running with Unscaled Compressed Oops mode in which the Java heap is
#     placed in the first 4GB address space. The Java Heap base address is the
#     maximum limit for the native heap growth. Please use -XX:HeapBaseMinAddress
#     to set the Java Heap base and to place the Java Heap above 4GB virtual address.
# This output file may be truncated or incomplete.
#
#  Out of Memory Error (arena.cpp:189), pid=17016, tid=18112
#
# JRE version: Java(TM) SE Runtime Environment (17.0.6+9) (build 17.0.6+9-LTS-190)
# Java VM: Java HotSpot(TM) 64-Bit Server VM (17.0.6+9-LTS-190, mixed mode, sharing, tiered, compressed oops, compressed class ptrs, g1 gc, windows-amd64)
# No core dump will be written. Minidumps are not enabled by default on client versions of Windows
#

---------------  S U M M A R Y ------------

Command Line: --add-opens=java.base/java.util=ALL-UNNAMED --add-opens=java.base/java.lang=ALL-UNNAMED --add-opens=java.base/java.lang.invoke=ALL-UNNAMED --add-opens=java.base/java.util=ALL-UNNAMED --add-opens=java.prefs/java.util.prefs=ALL-UNNAMED --add-opens=java.prefs/java.util.prefs=ALL-UNNAMED --add-opens=java.base/java.nio.charset=ALL-UNNAMED --add-opens=java.base/java.net=ALL-UNNAMED --add-opens=java.base/java.util.concurrent.atomic=ALL-UNNAMED -Xmx1536M -Dfile.encoding=utf8 -Duser.country=FR -Duser.language=fr -Duser.variant org.gradle.launcher.daemon.bootstrap.GradleDaemon 7.5

Host: Intel(R) Core(TM) i5-8250U CPU @ 1.60GHz, 8 cores, 7G,  Windows 10 , 64 bit Build 19041 (10.0.19041.2364)
Time: Wed Mar  8 17:31:33 2023 Paris, Madrid elapsed time: 19.579942 seconds (0d 0h 0m 19s)

---------------  T H R E A D  ---------------

Current thread (0x000002b9ce0ee620):  JavaThread "C2 CompilerThread1" daemon [_thread_in_native, id=18112, stack(0x000000d9c4200000,0x000000d9c4300000)]


Current CompileTask:
C2:  19580 8567       4       groovy.lang.MetaClassImpl::inheritInterfaceNewMetaMethods (195 bytes)

Stack: [0x000000d9c4200000,0x000000d9c4300000]
Native frames: (J=compiled Java code, j=interpreted, Vv=VM code, C=native code)
V  [jvm.dll+0x6734ea]
V  [jvm.dll+0x7d18f4]
V  [jvm.dll+0x7d309e]
V  [jvm.dll+0x7d3703]
V  [jvm.dll+0x2433c5]
V  [jvm.dll+0xaa46b]
V  [jvm.dll+0xaaa0c]
V  [jvm.dll+0x2a8b1f]
V  [jvm.dll+0x57bf85]
V  [jvm.dll+0x21e142]
V  [jvm.dll+0x217500]
V  [jvm.dll+0x215109]
V  [jvm.dll+0x1a1730]
V  [jvm.dll+0x224b6e]
V  [jvm.dll+0x222f15]
V  [jvm.dll+0x78753c]
V  [jvm.dll+0x781a7a]
V  [jvm.dll+0x672375]
C  [ucrtbase.dll+0x21bb2]
C  [KERNEL32.DLL+0x17614]
C  [ntdll.dll+0x526a1]


---------------  P R O C E S S  ---------------

Threads class SMR info:
_java_thread_list=0x000002b9d2617b20, length=128, elements={
0x000002b9b04d0360, 0x000002b9cd35ebf0, 0x000002b9cd35f770, 0x000002b9cd375030,
0x000002b9cd376900, 0x000002b9cd377960, 0x000002b9cd378220, 0x000002b9cd37d710,
0x000002b9cd3808a0, 0x000002b9cd396130, 0x000002b9ce0abf90, 0x000002b9ce0aee90,
0x000002b9d0023f20, 0x000002b9d00260d0, 0x000002b9d0025260, 0x000002b9d00230b0,
0x000002b9d0025730, 0x000002b9d0025c00, 0x000002b9d00265a0, 0x000002b9d0023580,
0x000002b9d0026a70, 0x000002b9d0023a50, 0x000002b9d00243f0, 0x000002b9d00248c0,
0x000002b9d0024d90, 0x000002b9d2147d80, 0x000002b9d2148250, 0x000002b9d2148720,
0x000002b9d214cf50, 0x000002b9d2148bf0, 0x000002b9d214ada0, 0x000002b9d214d8f0,
0x000002b9d2146f10, 0x000002b9d2149590, 0x000002b9d21478b0, 0x000002b9d214b740,
0x000002b9d214e290, 0x000002b9d21490c0, 0x000002b9d214d420, 0x000002b9d214a8d0,
0x000002b9d214c0e0, 0x000002b9d214c5b0, 0x000002b9d2146a40, 0x000002b9d214b270,
0x000002b9d21473e0, 0x000002b9d214bc10, 0x000002b9d1fa6a70, 0x000002b9d1fa65a0,
0x000002b9d1fa2240, 0x000002b9d1fa18a0, 0x000002b9d1fa3f20, 0x000002b9d1fa3580,
0x000002b9d1fa2be0, 0x000002b9d1fa43f0, 0x000002b9d1fa0090, 0x000002b9d1fa0560,
0x000002b9d1fa48c0, 0x000002b9d1fa4d90, 0x000002b9d1fa5260, 0x000002b9d1fa2710,
0x000002b9d1fa0a30, 0x000002b9d1fa13d0, 0x000002b9d1fa1d70, 0x000002b9d1fa5730,
0x000002b9d1fa60d0, 0x000002b9d1fa5c00, 0x000002b9d1fa3a50, 0x000002b9d1fa30b0,
0x000002b9d1fa0f00, 0x000002b9d1fa6f40, 0x000002b9d1f9f6f0, 0x000002b9d1f9fbc0,
0x000002b9ce93c240, 0x000002b9ce93bd70, 0x000002b9ce93da50, 0x000002b9ce93ed90,
0x000002b9ce93af00, 0x000002b9ce93df20, 0x000002b9ce93e3f0, 0x000002b9ce93f260,
0x000002b9ce93e8c0, 0x000002b9ce9400d0, 0x000002b9ce93f730, 0x000002b9ce93a560,
0x000002b9ce93aa30, 0x000002b9ce938d50, 0x000002b9ce93fc00, 0x000002b9ce93b8a0,
0x000002b9ce93cbe0, 0x000002b9ce93d0b0, 0x000002b9ce9405a0, 0x000002b9ce939220,
0x000002b9ce93c710, 0x000002b9ce9396f0, 0x000002b9ce93b3d0, 0x000002b9ce939bc0,
0x000002b9ce93d580, 0x000002b9ce93a090, 0x000002b9d08d54e0, 0x000002b9d08d5010,
0x000002b9d08d6350, 0x000002b9d08cf970, 0x000002b9d08d5e80, 0x000002b9d08d1ff0,
0x000002b9d08d6cf0, 0x000002b9d08d3330, 0x000002b9d08cfe40, 0x000002b9d08d07e0,
0x000002b9d08d3800, 0x000002b9d08d24c0, 0x000002b9d08d3cd0, 0x000002b9d08d2990,
0x000002b9d08d59b0, 0x000002b9d08d41a0, 0x000002b9d08d4670, 0x000002b9d08d0310,
0x000002b9d08d6820, 0x000002b9d08d4b40, 0x000002b9d08d1650, 0x000002b9d08cf4a0,
0x000002b9d08d0cb0, 0x000002b9d08d1180, 0x000002b9d08d1b20, 0x000002b9d08d2e60,
0x000002b9d30cc860, 0x000002b9ce0ee620, 0x000002b9d22e7ff0, 0x000002b9d30ccd30
}

Java Threads: ( => current thread )
  0x000002b9b04d0360 JavaThread "main" [_thread_blocked, id=16204, stack(0x000000d9bb600000,0x000000d9bb700000)]
  0x000002b9cd35ebf0 JavaThread "Reference Handler" daemon [_thread_blocked, id=15624, stack(0x000000d9bbd00000,0x000000d9bbe00000)]
  0x000002b9cd35f770 JavaThread "Finalizer" daemon [_thread_blocked, id=9164, stack(0x000000d9bbe00000,0x000000d9bbf00000)]
  0x000002b9cd375030 JavaThread "Signal Dispatcher" daemon [_thread_blocked, id=13800, stack(0x000000d9bbf00000,0x000000d9bc000000)]
  0x000002b9cd376900 JavaThread "Attach Listener" daemon [_thread_blocked, id=17740, stack(0x000000d9bc000000,0x000000d9bc100000)]
  0x000002b9cd377960 JavaThread "Service Thread" daemon [_thread_blocked, id=13228, stack(0x000000d9bc100000,0x000000d9bc200000)]
  0x000002b9cd378220 JavaThread "Monitor Deflation Thread" daemon [_thread_blocked, id=13496, stack(0x000000d9bc200000,0x000000d9bc300000)]
  0x000002b9cd37d710 JavaThread "C2 CompilerThread0" daemon [_thread_blocked, id=2828, stack(0x000000d9bc300000,0x000000d9bc400000)]
  0x000002b9cd3808a0 JavaThread "C1 CompilerThread0" daemon [_thread_blocked, id=15492, stack(0x000000d9bc400000,0x000000d9bc500000)]
  0x000002b9cd396130 JavaThread "Sweeper thread" daemon [_thread_blocked, id=11348, stack(0x000000d9bc500000,0x000000d9bc600000)]
  0x000002b9ce0abf90 JavaThread "Common-Cleaner" daemon [_thread_blocked, id=14176, stack(0x000000d9bc600000,0x000000d9bc700000)]
  0x000002b9ce0aee90 JavaThread "Notification Thread" daemon [_thread_blocked, id=7700, stack(0x000000d9bc700000,0x000000d9bc800000)]
  0x000002b9d0023f20 JavaThread "Daemon health stats" [_thread_blocked, id=1592, stack(0x000000d9bce00000,0x000000d9bcf00000)]
  0x000002b9d00260d0 JavaThread "Incoming local TCP Connector on port 64239" [_thread_in_native, id=5760, stack(0x000000d9bcf00000,0x000000d9bd000000)]
  0x000002b9d0025260 JavaThread "Daemon periodic checks" [_thread_blocked, id=7844, stack(0x000000d9bd000000,0x000000d9bd100000)]
  0x000002b9d00230b0 JavaThread "Daemon" [_thread_blocked, id=7880, stack(0x000000d9bd100000,0x000000d9bd200000)]
  0x000002b9d0025730 JavaThread "Handler for socket connection from /127.0.0.1:64239 to /127.0.0.1:64240" [_thread_in_native, id=9100, stack(0x000000d9bd200000,0x000000d9bd300000)]
  0x000002b9d0025c00 JavaThread "Cancel handler" [_thread_blocked, id=12200, stack(0x000000d9bd300000,0x000000d9bd400000)]
  0x000002b9d00265a0 JavaThread "Daemon worker" [_thread_in_vm, id=17800, stack(0x000000d9bd400000,0x000000d9bd500000)]
  0x000002b9d0023580 JavaThread "Asynchronous log dispatcher for DefaultDaemonConnection: socket connection from /127.0.0.1:64239 to /127.0.0.1:64240" [_thread_blocked, id=7512, stack(0x000000d9bd500000,0x000000d9bd600000)]
  0x000002b9d0026a70 JavaThread "Stdin handler" [_thread_blocked, id=9796, stack(0x000000d9bd600000,0x000000d9bd700000)]
  0x000002b9d0023a50 JavaThread "Daemon client event forwarder" [_thread_blocked, id=1992, stack(0x000000d9bd700000,0x000000d9bd800000)]
  0x000002b9d00243f0 JavaThread "Cache worker for journal cache (C:\Users\HP\.gradle\caches\journal-1)" [_thread_blocked, id=17412, stack(0x000000d9bd800000,0x000000d9bd900000)]
  0x000002b9d00248c0 JavaThread "File lock request listener" [_thread_in_native, id=18360, stack(0x000000d9bd900000,0x000000d9bda00000)]
  0x000002b9d0024d90 JavaThread "Cache worker for file hash cache (C:\Users\HP\.gradle\caches\7.5\fileHashes)" [_thread_blocked, id=2076, stack(0x000000d9bda00000,0x000000d9bdb00000)]
  0x000002b9d2147d80 JavaThread "File watcher server" daemon [_thread_in_native, id=16268, stack(0x000000d9bde00000,0x000000d9bdf00000)]
  0x000002b9d2148250 JavaThread "File watcher consumer" daemon [_thread_blocked, id=12740, stack(0x000000d9bdf00000,0x000000d9be000000)]
  0x000002b9d2148720 JavaThread "File lock release action executor" [_thread_blocked, id=10796, stack(0x000000d9be000000,0x000000d9be100000)]
  0x000002b9d214cf50 JavaThread "jar transforms" [_thread_blocked, id=5068, stack(0x000000d9be100000,0x000000d9be200000)]
  0x000002b9d2148bf0 JavaThread "jar transforms Thread 2" [_thread_blocked, id=18408, stack(0x000000d9be200000,0x000000d9be300000)]
  0x000002b9d214ada0 JavaThread "Cache worker for checksums cache (C:\Flutter_projects\ever_green\android\.gradle\7.5\checksums)" [_thread_blocked, id=4488, stack(0x000000d9be400000,0x000000d9be500000)]
  0x000002b9d214d8f0 JavaThread "Cache worker for cache directory md-rule (C:\Users\HP\.gradle\caches\7.5\md-rule)" [_thread_blocked, id=1528, stack(0x000000d9be500000,0x000000d9be600000)]
  0x000002b9d2146f10 JavaThread "Cache worker for file content cache (C:\Users\HP\.gradle\caches\7.5\fileContent)" [_thread_blocked, id=17492, stack(0x000000d9be600000,0x000000d9be700000)]
  0x000002b9d2149590 JavaThread "Cache worker for file hash cache (C:\Flutter_projects\ever_green\android\.gradle\7.5\fileHashes)" [_thread_blocked, id=4396, stack(0x000000d9be700000,0x000000d9be800000)]
  0x000002b9d21478b0 JavaThread "Cache worker for cache directory md-supplier (C:\Users\HP\.gradle\caches\7.5\md-supplier)" [_thread_blocked, id=15480, stack(0x000000d9be800000,0x000000d9be900000)]
  0x000002b9d214b740 JavaThread "Cache worker for execution history cache (C:\Users\HP\.gradle\caches\7.5\executionHistory)" [_thread_blocked, id=12412, stack(0x000000d9be900000,0x000000d9bea00000)]
  0x000002b9d214e290 JavaThread "jar transforms Thread 3" [_thread_blocked, id=8056, stack(0x000000d9bea00000,0x000000d9beb00000)]
  0x000002b9d21490c0 JavaThread "jar transforms Thread 4" [_thread_blocked, id=1636, stack(0x000000d9beb00000,0x000000d9bec00000)]
  0x000002b9d214d420 JavaThread "jar transforms Thread 5" [_thread_blocked, id=6408, stack(0x000000d9bec00000,0x000000d9bed00000)]
  0x000002b9d214a8d0 JavaThread "jar transforms Thread 6" [_thread_blocked, id=17004, stack(0x000000d9bed00000,0x000000d9bee00000)]
  0x000002b9d214c0e0 JavaThread "jar transforms Thread 7" [_thread_blocked, id=15364, stack(0x000000d9bee00000,0x000000d9bef00000)]
  0x000002b9d214c5b0 JavaThread "jar transforms Thread 8" [_thread_blocked, id=12700, stack(0x000000d9bcd00000,0x000000d9bce00000)]
  0x000002b9d2146a40 JavaThread "Cache worker for dependencies-accessors (C:\Flutter_projects\ever_green\android\.gradle\7.5\dependencies-accessors)" [_thread_blocked, id=9188, stack(0x000000d9bef00000,0x000000d9bf000000)]
  0x000002b9d214b270 JavaThread "Cache worker for Build Output Cleanup Cache (C:\Flutter_projects\ever_green\android\.gradle\buildOutputCleanup)" [_thread_blocked, id=12732, stack(0x000000d9bf000000,0x000000d9bf100000)]
  0x000002b9d21473e0 JavaThread "Unconstrained build operations" [_thread_blocked, id=416, stack(0x000000d9bf100000,0x000000d9bf200000)]
  0x000002b9d214bc10 JavaThread "Unconstrained build operations Thread 2" [_thread_blocked, id=240, stack(0x000000d9bf200000,0x000000d9bf300000)]
  0x000002b9d1fa6a70 JavaThread "Unconstrained build operations Thread 3" [_thread_blocked, id=12948, stack(0x000000d9bf300000,0x000000d9bf400000)]
  0x000002b9d1fa65a0 JavaThread "Unconstrained build operations Thread 4" [_thread_blocked, id=17608, stack(0x000000d9bf400000,0x000000d9bf500000)]
  0x000002b9d1fa2240 JavaThread "Unconstrained build operations Thread 5" [_thread_blocked, id=12860, stack(0x000000d9bf500000,0x000000d9bf600000)]
  0x000002b9d1fa18a0 JavaThread "Unconstrained build operations Thread 6" [_thread_blocked, id=15852, stack(0x000000d9bf600000,0x000000d9bf700000)]
  0x000002b9d1fa3f20 JavaThread "Unconstrained build operations Thread 7" [_thread_blocked, id=2112, stack(0x000000d9bf700000,0x000000d9bf800000)]
  0x000002b9d1fa3580 JavaThread "Unconstrained build operations Thread 8" [_thread_blocked, id=8464, stack(0x000000d9bf800000,0x000000d9bf900000)]
  0x000002b9d1fa2be0 JavaThread "Unconstrained build operations Thread 9" [_thread_blocked, id=2212, stack(0x000000d9bf900000,0x000000d9bfa00000)]
  0x000002b9d1fa43f0 JavaThread "Unconstrained build operations Thread 10" [_thread_blocked, id=18188, stack(0x000000d9bfa00000,0x000000d9bfb00000)]
  0x000002b9d1fa0090 JavaThread "Unconstrained build operations Thread 11" [_thread_blocked, id=8932, stack(0x000000d9bfb00000,0x000000d9bfc00000)]
  0x000002b9d1fa0560 JavaThread "Unconstrained build operations Thread 12" [_thread_blocked, id=13856, stack(0x000000d9bfc00000,0x000000d9bfd00000)]
  0x000002b9d1fa48c0 JavaThread "Unconstrained build operations Thread 13" [_thread_blocked, id=1476, stack(0x000000d9bfd00000,0x000000d9bfe00000)]
  0x000002b9d1fa4d90 JavaThread "Unconstrained build operations Thread 14" [_thread_blocked, id=11820, stack(0x000000d9bfe00000,0x000000d9bff00000)]
  0x000002b9d1fa5260 JavaThread "Unconstrained build operations Thread 15" [_thread_blocked, id=13900, stack(0x000000d9bff00000,0x000000d9c0000000)]
  0x000002b9d1fa2710 JavaThread "Unconstrained build operations Thread 16" [_thread_blocked, id=10196, stack(0x000000d9c0000000,0x000000d9c0100000)]
  0x000002b9d1fa0a30 JavaThread "Unconstrained build operations Thread 17" [_thread_blocked, id=13700, stack(0x000000d9c0100000,0x000000d9c0200000)]
  0x000002b9d1fa13d0 JavaThread "Unconstrained build operations Thread 18" [_thread_blocked, id=15096, stack(0x000000d9c0200000,0x000000d9c0300000)]
  0x000002b9d1fa1d70 JavaThread "Unconstrained build operations Thread 19" [_thread_blocked, id=14260, stack(0x000000d9c0300000,0x000000d9c0400000)]
  0x000002b9d1fa5730 JavaThread "Unconstrained build operations Thread 20" [_thread_blocked, id=5024, stack(0x000000d9c0400000,0x000000d9c0500000)]
  0x000002b9d1fa60d0 JavaThread "Unconstrained build operations Thread 21" [_thread_blocked, id=3992, stack(0x000000d9c0500000,0x000000d9c0600000)]
  0x000002b9d1fa5c00 JavaThread "Unconstrained build operations Thread 22" [_thread_blocked, id=10852, stack(0x000000d9c0600000,0x000000d9c0700000)]
  0x000002b9d1fa3a50 JavaThread "Unconstrained build operations Thread 23" [_thread_blocked, id=10928, stack(0x000000d9c0700000,0x000000d9c0800000)]
  0x000002b9d1fa30b0 JavaThread "Unconstrained build operations Thread 24" [_thread_blocked, id=10492, stack(0x000000d9c0800000,0x000000d9c0900000)]
  0x000002b9d1fa0f00 JavaThread "Unconstrained build operations Thread 25" [_thread_blocked, id=6736, stack(0x000000d9c0900000,0x000000d9c0a00000)]
  0x000002b9d1fa6f40 JavaThread "Unconstrained build operations Thread 26" [_thread_blocked, id=6792, stack(0x000000d9c0a00000,0x000000d9c0b00000)]
  0x000002b9d1f9f6f0 JavaThread "Unconstrained build operations Thread 27" [_thread_blocked, id=6860, stack(0x000000d9c0b00000,0x000000d9c0c00000)]
  0x000002b9d1f9fbc0 JavaThread "Unconstrained build operations Thread 28" [_thread_blocked, id=7476, stack(0x000000d9c0c00000,0x000000d9c0d00000)]
  0x000002b9ce93c240 JavaThread "Unconstrained build operations Thread 29" [_thread_blocked, id=13840, stack(0x000000d9c0d00000,0x000000d9c0e00000)]
  0x000002b9ce93bd70 JavaThread "Unconstrained build operations Thread 30" [_thread_blocked, id=11792, stack(0x000000d9c0e00000,0x000000d9c0f00000)]
  0x000002b9ce93da50 JavaThread "Unconstrained build operations Thread 31" [_thread_blocked, id=8088, stack(0x000000d9c0f00000,0x000000d9c1000000)]
  0x000002b9ce93ed90 JavaThread "Unconstrained build operations Thread 32" [_thread_blocked, id=7452, stack(0x000000d9c1000000,0x000000d9c1100000)]
  0x000002b9ce93af00 JavaThread "Unconstrained build operations Thread 33" [_thread_blocked, id=12676, stack(0x000000d9c1100000,0x000000d9c1200000)]
  0x000002b9ce93df20 JavaThread "Unconstrained build operations Thread 34" [_thread_blocked, id=12612, stack(0x000000d9c1200000,0x000000d9c1300000)]
  0x000002b9ce93e3f0 JavaThread "Unconstrained build operations Thread 35" [_thread_blocked, id=2388, stack(0x000000d9c1300000,0x000000d9c1400000)]
  0x000002b9ce93f260 JavaThread "Unconstrained build operations Thread 36" [_thread_blocked, id=14372, stack(0x000000d9c1400000,0x000000d9c1500000)]
  0x000002b9ce93e8c0 JavaThread "Unconstrained build operations Thread 37" [_thread_blocked, id=13404, stack(0x000000d9c1500000,0x000000d9c1600000)]
  0x000002b9ce9400d0 JavaThread "Unconstrained build operations Thread 38" [_thread_blocked, id=17420, stack(0x000000d9c1600000,0x000000d9c1700000)]
  0x000002b9ce93f730 JavaThread "Unconstrained build operations Thread 39" [_thread_blocked, id=4200, stack(0x000000d9c1700000,0x000000d9c1800000)]
  0x000002b9ce93a560 JavaThread "Unconstrained build operations Thread 40" [_thread_blocked, id=15512, stack(0x000000d9c1800000,0x000000d9c1900000)]
  0x000002b9ce93aa30 JavaThread "Unconstrained build operations Thread 41" [_thread_blocked, id=10496, stack(0x000000d9c1900000,0x000000d9c1a00000)]
  0x000002b9ce938d50 JavaThread "Unconstrained build operations Thread 42" [_thread_blocked, id=7828, stack(0x000000d9c1a00000,0x000000d9c1b00000)]
  0x000002b9ce93fc00 JavaThread "Unconstrained build operations Thread 43" [_thread_blocked, id=8900, stack(0x000000d9c1b00000,0x000000d9c1c00000)]
  0x000002b9ce93b8a0 JavaThread "Unconstrained build operations Thread 44" [_thread_blocked, id=11876, stack(0x000000d9c1c00000,0x000000d9c1d00000)]
  0x000002b9ce93cbe0 JavaThread "Unconstrained build operations Thread 45" [_thread_blocked, id=15820, stack(0x000000d9c1d00000,0x000000d9c1e00000)]
  0x000002b9ce93d0b0 JavaThread "Unconstrained build operations Thread 46" [_thread_blocked, id=7924, stack(0x000000d9c1e00000,0x000000d9c1f00000)]
  0x000002b9ce9405a0 JavaThread "Unconstrained build operations Thread 47" [_thread_blocked, id=17684, stack(0x000000d9c1f00000,0x000000d9c2000000)]
  0x000002b9ce939220 JavaThread "Unconstrained build operations Thread 48" [_thread_blocked, id=4812, stack(0x000000d9c2000000,0x000000d9c2100000)]
  0x000002b9ce93c710 JavaThread "Unconstrained build operations Thread 49" [_thread_blocked, id=11216, stack(0x000000d9c2100000,0x000000d9c2200000)]
  0x000002b9ce9396f0 JavaThread "Unconstrained build operations Thread 50" [_thread_blocked, id=12172, stack(0x000000d9c2200000,0x000000d9c2300000)]
  0x000002b9ce93b3d0 JavaThread "Unconstrained build operations Thread 51" [_thread_blocked, id=16800, stack(0x000000d9c2300000,0x000000d9c2400000)]
  0x000002b9ce939bc0 JavaThread "Unconstrained build operations Thread 52" [_thread_blocked, id=11628, stack(0x000000d9c2400000,0x000000d9c2500000)]
  0x000002b9ce93d580 JavaThread "Unconstrained build operations Thread 53" [_thread_blocked, id=7024, stack(0x000000d9c2500000,0x000000d9c2600000)]
  0x000002b9ce93a090 JavaThread "Unconstrained build operations Thread 54" [_thread_blocked, id=12832, stack(0x000000d9c2600000,0x000000d9c2700000)]
  0x000002b9d08d54e0 JavaThread "Unconstrained build operations Thread 55" [_thread_blocked, id=4196, stack(0x000000d9c2700000,0x000000d9c2800000)]
  0x000002b9d08d5010 JavaThread "Unconstrained build operations Thread 56" [_thread_blocked, id=15860, stack(0x000000d9c2800000,0x000000d9c2900000)]
  0x000002b9d08d6350 JavaThread "Unconstrained build operations Thread 57" [_thread_blocked, id=3632, stack(0x000000d9c2900000,0x000000d9c2a00000)]
  0x000002b9d08cf970 JavaThread "Unconstrained build operations Thread 58" [_thread_blocked, id=4960, stack(0x000000d9c2a00000,0x000000d9c2b00000)]
  0x000002b9d08d5e80 JavaThread "Unconstrained build operations Thread 59" [_thread_blocked, id=6668, stack(0x000000d9c2b00000,0x000000d9c2c00000)]
  0x000002b9d08d1ff0 JavaThread "Unconstrained build operations Thread 60" [_thread_blocked, id=17780, stack(0x000000d9c2c00000,0x000000d9c2d00000)]
  0x000002b9d08d6cf0 JavaThread "Unconstrained build operations Thread 61" [_thread_blocked, id=17896, stack(0x000000d9c2d00000,0x000000d9c2e00000)]
  0x000002b9d08d3330 JavaThread "Unconstrained build operations Thread 62" [_thread_blocked, id=16836, stack(0x000000d9c2e00000,0x000000d9c2f00000)]
  0x000002b9d08cfe40 JavaThread "Unconstrained build operations Thread 63" [_thread_blocked, id=17948, stack(0x000000d9c2f00000,0x000000d9c3000000)]
  0x000002b9d08d07e0 JavaThread "Unconstrained build operations Thread 64" [_thread_blocked, id=6844, stack(0x000000d9c3000000,0x000000d9c3100000)]
  0x000002b9d08d3800 JavaThread "Unconstrained build operations Thread 65" [_thread_blocked, id=8832, stack(0x000000d9c3100000,0x000000d9c3200000)]
  0x000002b9d08d24c0 JavaThread "Unconstrained build operations Thread 66" [_thread_blocked, id=17264, stack(0x000000d9c3200000,0x000000d9c3300000)]
  0x000002b9d08d3cd0 JavaThread "Unconstrained build operations Thread 67" [_thread_blocked, id=12576, stack(0x000000d9c3300000,0x000000d9c3400000)]
  0x000002b9d08d2990 JavaThread "Unconstrained build operations Thread 68" [_thread_blocked, id=18120, stack(0x000000d9c3400000,0x000000d9c3500000)]
  0x000002b9d08d59b0 JavaThread "Unconstrained build operations Thread 69" [_thread_blocked, id=5556, stack(0x000000d9c3500000,0x000000d9c3600000)]
  0x000002b9d08d41a0 JavaThread "Unconstrained build operations Thread 70" [_thread_blocked, id=12608, stack(0x000000d9c3600000,0x000000d9c3700000)]
  0x000002b9d08d4670 JavaThread "Unconstrained build operations Thread 71" [_thread_blocked, id=9176, stack(0x000000d9c3700000,0x000000d9c3800000)]
  0x000002b9d08d0310 JavaThread "Unconstrained build operations Thread 72" [_thread_blocked, id=1684, stack(0x000000d9c3800000,0x000000d9c3900000)]
  0x000002b9d08d6820 JavaThread "Unconstrained build operations Thread 73" [_thread_blocked, id=7500, stack(0x000000d9c3900000,0x000000d9c3a00000)]
  0x000002b9d08d4b40 JavaThread "Unconstrained build operations Thread 74" [_thread_blocked, id=11476, stack(0x000000d9c3a00000,0x000000d9c3b00000)]
  0x000002b9d08d1650 JavaThread "Unconstrained build operations Thread 75" [_thread_blocked, id=11900, stack(0x000000d9c3b00000,0x000000d9c3c00000)]
  0x000002b9d08cf4a0 JavaThread "Unconstrained build operations Thread 76" [_thread_blocked, id=15372, stack(0x000000d9c3c00000,0x000000d9c3d00000)]
  0x000002b9d08d0cb0 JavaThread "Unconstrained build operations Thread 77" [_thread_blocked, id=7968, stack(0x000000d9c3d00000,0x000000d9c3e00000)]
  0x000002b9d08d1180 JavaThread "Unconstrained build operations Thread 78" [_thread_blocked, id=5840, stack(0x000000d9c3e00000,0x000000d9c3f00000)]
  0x000002b9d08d1b20 JavaThread "Unconstrained build operations Thread 79" [_thread_blocked, id=1440, stack(0x000000d9c3f00000,0x000000d9c4000000)]
  0x000002b9d08d2e60 JavaThread "Unconstrained build operations Thread 80" [_thread_blocked, id=17600, stack(0x000000d9c4000000,0x000000d9c4100000)]
  0x000002b9d30cc860 JavaThread "Memory manager" [_thread_blocked, id=10584, stack(0x000000d9c4100000,0x000000d9c4200000)]
=>0x000002b9ce0ee620 JavaThread "C2 CompilerThread1" daemon [_thread_in_native, id=18112, stack(0x000000d9c4200000,0x000000d9c4300000)]
  0x000002b9d22e7ff0 JavaThread "C2 CompilerThread2" daemon [_thread_in_native, id=17764, stack(0x000000d9c4300000,0x000000d9c4400000)]
  0x000002b9d30ccd30 JavaThread "Cache worker for kotlin-dsl (C:\Users\HP\.gradle\caches\7.5\kotlin-dsl)" [_thread_blocked, id=17012, stack(0x000000d9c4400000,0x000000d9c4500000)]

Other Threads:
  0x000002b9cd35aa50 VMThread "VM Thread" [stack: 0x000000d9bbc00000,0x000000d9bbd00000] [id=8512]
  0x000002b9ce0b1780 WatcherThread [stack: 0x000000d9bc800000,0x000000d9bc900000] [id=6052]
  0x000002b9b051da50 GCTaskThread "GC Thread#0" [stack: 0x000000d9bb700000,0x000000d9bb800000] [id=17396]
  0x000002b9cfb0bcd0 GCTaskThread "GC Thread#1" [stack: 0x000000d9bca00000,0x000000d9bcb00000] [id=1324]
  0x000002b9cf5a61c0 GCTaskThread "GC Thread#2" [stack: 0x000000d9bcb00000,0x000000d9bcc00000] [id=6232]
  0x000002b9cf06fab0 GCTaskThread "GC Thread#3" [stack: 0x000000d9bcc00000,0x000000d9bcd00000] [id=12940]
  0x000002b9cfa7b680 GCTaskThread "GC Thread#4" [stack: 0x000000d9bc900000,0x000000d9bca00000] [id=7644]
  0x000002b9cfa7c3f0 GCTaskThread "GC Thread#5" [stack: 0x000000d9bdb00000,0x000000d9bdc00000] [id=10460]
  0x000002b9cfa7ceb0 GCTaskThread "GC Thread#6" [stack: 0x000000d9bdc00000,0x000000d9bdd00000] [id=13344]
  0x000002b9cfa7d160 GCTaskThread "GC Thread#7" [stack: 0x000000d9bdd00000,0x000000d9bde00000] [id=1472]
  0x000002b9b052a8a0 ConcurrentGCThread "G1 Main Marker" [stack: 0x000000d9bb800000,0x000000d9bb900000] [id=6720]
  0x000002b9b052b960 ConcurrentGCThread "G1 Conc#0" [stack: 0x000000d9bb900000,0x000000d9bba00000] [id=2960]
  0x000002b9d00ebfd0 ConcurrentGCThread "G1 Conc#1" [stack: 0x000000d9be300000,0x000000d9be400000] [id=7192]
  0x000002b9b05a5e50 ConcurrentGCThread "G1 Refine#0" [stack: 0x000000d9bba00000,0x000000d9bbb00000] [id=16664]
  0x000002b9b05a6680 ConcurrentGCThread "G1 Service" [stack: 0x000000d9bbb00000,0x000000d9bbc00000] [id=18236]

Threads with active compile tasks:
C2 CompilerThread1    19650 8567       4       groovy.lang.MetaClassImpl::inheritInterfaceNewMetaMethods (195 bytes)
C2 CompilerThread2    19650 8572   !   4       com.sun.beans.TypeResolver::resolve (261 bytes)

VM state: not at safepoint (normal execution)

VM Mutex/Monitor currently owned by a thread: None

Heap address: 0x00000000a0000000, size: 1536 MB, Compressed Oops mode: 32-bit

CDS archive(s) mapped at: [0x0000000800000000-0x0000000800bd0000-0x0000000800bd0000), size 12386304, SharedBaseAddress: 0x0000000800000000, ArchiveRelocationMode: 0.
Compressed class space mapped at: 0x0000000800c00000-0x0000000840c00000, reserved size: 1073741824
Narrow klass base: 0x0000000800000000, Narrow klass shift: 0, Narrow klass range: 0x100000000

GC Precious Log:
 CPUs: 8 total, 8 available
 Memory: 8107M
 Large Page Support: Disabled
 NUMA Support: Disabled
 Compressed Oops: Enabled (32-bit)
 Heap Region Size: 1M
 Heap Min Capacity: 8M
 Heap Initial Capacity: 128M
 Heap Max Capacity: 1536M
 Pre-touch: Disabled
 Parallel Workers: 8
 Concurrent Workers: 2
 Concurrent Refinement Workers: 8
 Periodic GC: Disabled

Heap:
 garbage-first heap   total 126976K, used 88366K [0x00000000a0000000, 0x0000000100000000)
  region size 1024K, 19 young (19456K), 2 survivors (2048K)
 Metaspace       used 60878K, committed 61504K, reserved 1105920K
  class space    used 8226K, committed 8512K, reserved 1048576K

Heap Regions: E=young(eden), S=young(survivor), O=old, HS=humongous(starts), HC=humongous(continues), CS=collection set, F=free, OA=open archive, CA=closed archive, TAMS=top-at-mark-start (previous, next)
|   0|0x00000000a0000000, 0x00000000a0100000, 0x00000000a0100000|100%| O|  |TAMS 0x00000000a0100000, 0x00000000a0000000| Untracked 
|   1|0x00000000a0100000, 0x00000000a0200000, 0x00000000a0200000|100%| O|  |TAMS 0x00000000a0200000, 0x00000000a0100000| Untracked 
|   2|0x00000000a0200000, 0x00000000a0300000, 0x00000000a0300000|100%| O|  |TAMS 0x00000000a0300000, 0x00000000a0200000| Untracked 
|   3|0x00000000a0300000, 0x00000000a0400000, 0x00000000a0400000|100%|HS|  |TAMS 0x00000000a0400000, 0x00000000a0300000| Complete 
|   4|0x00000000a0400000, 0x00000000a0500000, 0x00000000a0500000|100%|HC|  |TAMS 0x00000000a0500000, 0x00000000a0400000| Complete 
|   5|0x00000000a0500000, 0x00000000a0600000, 0x00000000a0600000|100%|HC|  |TAMS 0x00000000a0600000, 0x00000000a0500000| Complete 
|   6|0x00000000a0600000, 0x00000000a0700000, 0x00000000a0700000|100%| O|  |TAMS 0x00000000a0700000, 0x00000000a0600000| Complete 
|   7|0x00000000a0700000, 0x00000000a0800000, 0x00000000a0800000|100%| O|  |TAMS 0x00000000a0800000, 0x00000000a0700000| Untracked 
|   8|0x00000000a0800000, 0x00000000a0900000, 0x00000000a0900000|100%| O|  |TAMS 0x00000000a0900000, 0x00000000a0800000| Untracked 
|   9|0x00000000a0900000, 0x00000000a0a00000, 0x00000000a0a00000|100%| O|  |TAMS 0x00000000a0a00000, 0x00000000a0900000| Untracked 
|  10|0x00000000a0a00000, 0x00000000a0b00000, 0x00000000a0b00000|100%| O|  |TAMS 0x00000000a0b00000, 0x00000000a0a00000| Untracked 
|  11|0x00000000a0b00000, 0x00000000a0c00000, 0x00000000a0c00000|100%| O|  |TAMS 0x00000000a0c00000, 0x00000000a0b00000| Untracked 
|  12|0x00000000a0c00000, 0x00000000a0d00000, 0x00000000a0d00000|100%| O|  |TAMS 0x00000000a0d00000, 0x00000000a0c00000| Untracked 
|  13|0x00000000a0d00000, 0x00000000a0e00000, 0x00000000a0e00000|100%| O|  |TAMS 0x00000000a0e00000, 0x00000000a0d00000| Untracked 
|  14|0x00000000a0e00000, 0x00000000a0f00000, 0x00000000a0f00000|100%| O|  |TAMS 0x00000000a0f00000, 0x00000000a0e00000| Untracked 
|  15|0x00000000a0f00000, 0x00000000a1000000, 0x00000000a1000000|100%| O|  |TAMS 0x00000000a1000000, 0x00000000a0f00000| Untracked 
|  16|0x00000000a1000000, 0x00000000a1100000, 0x00000000a1100000|100%| O|  |TAMS 0x00000000a1100000, 0x00000000a1000000| Untracked 
|  17|0x00000000a1100000, 0x00000000a1200000, 0x00000000a1200000|100%| O|  |TAMS 0x00000000a1200000, 0x00000000a1100000| Untracked 
|  18|0x00000000a1200000, 0x00000000a1300000, 0x00000000a1300000|100%| O|  |TAMS 0x00000000a1300000, 0x00000000a1200000| Untracked 
|  19|0x00000000a1300000, 0x00000000a1300000, 0x00000000a1400000|  0%| F|  |TAMS 0x00000000a1300000, 0x00000000a1300000| Untracked 
|  20|0x00000000a1400000, 0x00000000a1500000, 0x00000000a1500000|100%| O|  |TAMS 0x00000000a1500000, 0x00000000a1400000| Untracked 
|  21|0x00000000a1500000, 0x00000000a1600000, 0x00000000a1600000|100%| O|  |TAMS 0x00000000a1600000, 0x00000000a1500000| Untracked 
|  22|0x00000000a1600000, 0x00000000a1700000, 0x00000000a1700000|100%| O|  |TAMS 0x00000000a1700000, 0x00000000a1600000| Untracked 
|  23|0x00000000a1700000, 0x00000000a1800000, 0x00000000a1800000|100%| O|  |TAMS 0x00000000a1800000, 0x00000000a1700000| Untracked 
|  24|0x00000000a1800000, 0x00000000a1900000, 0x00000000a1900000|100%| O|  |TAMS 0x00000000a1900000, 0x00000000a1800000| Untracked 
|  25|0x00000000a1900000, 0x00000000a1a00000, 0x00000000a1a00000|100%| O|  |TAMS 0x00000000a1a00000, 0x00000000a1900000| Untracked 
|  26|0x00000000a1a00000, 0x00000000a1b00000, 0x00000000a1b00000|100%| O|  |TAMS 0x00000000a1b00000, 0x00000000a1a00000| Untracked 
|  27|0x00000000a1b00000, 0x00000000a1c00000, 0x00000000a1c00000|100%| O|  |TAMS 0x00000000a1c00000, 0x00000000a1b00000| Untracked 
|  28|0x00000000a1c00000, 0x00000000a1d00000, 0x00000000a1d00000|100%| O|  |TAMS 0x00000000a1d00000, 0x00000000a1c00000| Untracked 
|  29|0x00000000a1d00000, 0x00000000a1e00000, 0x00000000a1e00000|100%| O|  |TAMS 0x00000000a1e00000, 0x00000000a1d00000| Untracked 
|  30|0x00000000a1e00000, 0x00000000a1f00000, 0x00000000a1f00000|100%| O|  |TAMS 0x00000000a1f00000, 0x00000000a1e00000| Untracked 
|  31|0x00000000a1f00000, 0x00000000a2000000, 0x00000000a2000000|100%| O|  |TAMS 0x00000000a2000000, 0x00000000a1f00000| Untracked 
|  32|0x00000000a2000000, 0x00000000a2100000, 0x00000000a2100000|100%| O|  |TAMS 0x00000000a2100000, 0x00000000a2000000| Untracked 
|  33|0x00000000a2100000, 0x00000000a2200000, 0x00000000a2200000|100%| O|  |TAMS 0x00000000a2200000, 0x00000000a2100000| Untracked 
|  34|0x00000000a2200000, 0x00000000a2300000, 0x00000000a2300000|100%|HS|  |TAMS 0x00000000a2300000, 0x00000000a2200000| Complete 
|  35|0x00000000a2300000, 0x00000000a2400000, 0x00000000a2400000|100%|HS|  |TAMS 0x00000000a2400000, 0x00000000a2300000| Complete 
|  36|0x00000000a2400000, 0x00000000a2500000, 0x00000000a2500000|100%| O|  |TAMS 0x00000000a2500000, 0x00000000a2400000| Untracked 
|  37|0x00000000a2500000, 0x00000000a2600000, 0x00000000a2600000|100%| O|  |TAMS 0x00000000a2600000, 0x00000000a2500000| Untracked 
|  38|0x00000000a2600000, 0x00000000a2700000, 0x00000000a2700000|100%|HS|  |TAMS 0x00000000a2700000, 0x00000000a2600000| Complete 
|  39|0x00000000a2700000, 0x00000000a2800000, 0x00000000a2800000|100%| O|  |TAMS 0x00000000a2800000, 0x00000000a2700000| Untracked 
|  40|0x00000000a2800000, 0x00000000a2900000, 0x00000000a2900000|100%| O|  |TAMS 0x00000000a2900000, 0x00000000a2800000| Untracked 
|  41|0x00000000a2900000, 0x00000000a2a00000, 0x00000000a2a00000|100%|HS|  |TAMS 0x00000000a2a00000, 0x00000000a2900000| Complete 
|  42|0x00000000a2a00000, 0x00000000a2b00000, 0x00000000a2b00000|100%|HC|  |TAMS 0x00000000a2b00000, 0x00000000a2a00000| Complete 
|  43|0x00000000a2b00000, 0x00000000a2c00000, 0x00000000a2c00000|100%|HC|  |TAMS 0x00000000a2c00000, 0x00000000a2b00000| Complete 
|  44|0x00000000a2c00000, 0x00000000a2d00000, 0x00000000a2d00000|100%| O|  |TAMS 0x00000000a2d00000, 0x00000000a2c00000| Untracked 
|  45|0x00000000a2d00000, 0x00000000a2e00000, 0x00000000a2e00000|100%| O|  |TAMS 0x00000000a2e00000, 0x00000000a2d00000| Untracked 
|  46|0x00000000a2e00000, 0x00000000a2f00000, 0x00000000a2f00000|100%| O|  |TAMS 0x00000000a2f00000, 0x00000000a2e00000| Untracked 
|  47|0x00000000a2f00000, 0x00000000a3000000, 0x00000000a3000000|100%|HS|  |TAMS 0x00000000a3000000, 0x00000000a2f00000| Complete 
|  48|0x00000000a3000000, 0x00000000a3100000, 0x00000000a3100000|100%|HC|  |TAMS 0x00000000a3100000, 0x00000000a3000000| Complete 
|  49|0x00000000a3100000, 0x00000000a3200000, 0x00000000a3200000|100%| O|  |TAMS 0x00000000a3200000, 0x00000000a3100000| Untracked 
|  50|0x00000000a3200000, 0x00000000a3300000, 0x00000000a3300000|100%| O|  |TAMS 0x00000000a3300000, 0x00000000a3200000| Untracked 
|  51|0x00000000a3300000, 0x00000000a3400000, 0x00000000a3400000|100%| O|  |TAMS 0x00000000a3400000, 0x00000000a3300000| Untracked 
|  52|0x00000000a3400000, 0x00000000a3500000, 0x00000000a3500000|100%| O|  |TAMS 0x00000000a3500000, 0x00000000a3400000| Untracked 
|  53|0x00000000a3500000, 0x00000000a3600000, 0x00000000a3600000|100%|HS|  |TAMS 0x00000000a3600000, 0x00000000a3500000| Complete 
|  54|0x00000000a3600000, 0x00000000a3700000, 0x00000000a3700000|100%| O|  |TAMS 0x00000000a3700000, 0x00000000a3600000| Untracked 
|  55|0x00000000a3700000, 0x00000000a3800000, 0x00000000a3800000|100%| O|  |TAMS 0x00000000a3800000, 0x00000000a3700000| Untracked 
|  56|0x00000000a3800000, 0x00000000a3900000, 0x00000000a3900000|100%| O|  |TAMS 0x00000000a3900000, 0x00000000a3800000| Untracked 
|  57|0x00000000a3900000, 0x00000000a3a00000, 0x00000000a3a00000|100%| O|  |TAMS 0x00000000a3a00000, 0x00000000a3900000| Untracked 
|  58|0x00000000a3a00000, 0x00000000a3b00000, 0x00000000a3b00000|100%| O|  |TAMS 0x00000000a3b00000, 0x00000000a3a00000| Untracked 
|  59|0x00000000a3b00000, 0x00000000a3c00000, 0x00000000a3c00000|100%|HS|  |TAMS 0x00000000a3c00000, 0x00000000a3b00000| Complete 
|  60|0x00000000a3c00000, 0x00000000a3d00000, 0x00000000a3d00000|100%| O|  |TAMS 0x00000000a3d00000, 0x00000000a3c00000| Untracked 
|  61|0x00000000a3d00000, 0x00000000a3e00000, 0x00000000a3e00000|100%| O|  |TAMS 0x00000000a3e00000, 0x00000000a3d00000| Untracked 
|  62|0x00000000a3e00000, 0x00000000a3f00000, 0x00000000a3f00000|100%| O|  |TAMS 0x00000000a3f00000, 0x00000000a3e00000| Untracked 
|  63|0x00000000a3f00000, 0x00000000a4000000, 0x00000000a4000000|100%| O|  |TAMS 0x00000000a4000000, 0x00000000a3f00000| Untracked 
|  64|0x00000000a4000000, 0x00000000a4100000, 0x00000000a4100000|100%| O|  |TAMS 0x00000000a4100000, 0x00000000a4000000| Untracked 
|  65|0x00000000a4100000, 0x00000000a4200000, 0x00000000a4200000|100%| O|  |TAMS 0x00000000a4200000, 0x00000000a4100000| Untracked 
|  66|0x00000000a4200000, 0x00000000a4300000, 0x00000000a4300000|100%| O|  |TAMS 0x00000000a4300000, 0x00000000a4200000| Untracked 
|  67|0x00000000a4300000, 0x00000000a4400000, 0x00000000a4400000|100%| O|  |TAMS 0x00000000a4400000, 0x00000000a4300000| Untracked 
|  68|0x00000000a4400000, 0x00000000a4500000, 0x00000000a4500000|100%| O|  |TAMS 0x00000000a4500000, 0x00000000a4400000| Untracked 
|  69|0x00000000a4500000, 0x00000000a4600000, 0x00000000a4600000|100%| O|  |TAMS 0x00000000a4600000, 0x00000000a4500000| Untracked 
|  70|0x00000000a4600000, 0x00000000a4600000, 0x00000000a4700000|  0%| F|  |TAMS 0x00000000a4600000, 0x00000000a4600000| Untracked 
|  71|0x00000000a4700000, 0x00000000a4700000, 0x00000000a4800000|  0%| F|  |TAMS 0x00000000a4700000, 0x00000000a4700000| Untracked 
|  72|0x00000000a4800000, 0x00000000a4800000, 0x00000000a4900000|  0%| F|  |TAMS 0x00000000a4800000, 0x00000000a4800000| Untracked 
|  73|0x00000000a4900000, 0x00000000a4900000, 0x00000000a4a00000|  0%| F|  |TAMS 0x00000000a4900000, 0x00000000a4900000| Untracked 
|  74|0x00000000a4a00000, 0x00000000a4a00000, 0x00000000a4b00000|  0%| F|  |TAMS 0x00000000a4a00000, 0x00000000a4a00000| Untracked 
|  75|0x00000000a4b00000, 0x00000000a4b00000, 0x00000000a4c00000|  0%| F|  |TAMS 0x00000000a4b00000, 0x00000000a4b00000| Untracked 
|  76|0x00000000a4c00000, 0x00000000a4c00000, 0x00000000a4d00000|  0%| F|  |TAMS 0x00000000a4c00000, 0x00000000a4c00000| Untracked 
|  77|0x00000000a4d00000, 0x00000000a4d00000, 0x00000000a4e00000|  0%| F|  |TAMS 0x00000000a4d00000, 0x00000000a4d00000| Untracked 
|  78|0x00000000a4e00000, 0x00000000a4e00000, 0x00000000a4f00000|  0%| F|  |TAMS 0x00000000a4e00000, 0x00000000a4e00000| Untracked 
|  79|0x00000000a4f00000, 0x00000000a4f00000, 0x00000000a5000000|  0%| F|  |TAMS 0x00000000a4f00000, 0x00000000a4f00000| Untracked 
|  80|0x00000000a5000000, 0x00000000a5000000, 0x00000000a5100000|  0%| F|  |TAMS 0x00000000a5000000, 0x00000000a5000000| Untracked 
|  81|0x00000000a5100000, 0x00000000a5100000, 0x00000000a5200000|  0%| F|  |TAMS 0x00000000a5100000, 0x00000000a5100000| Untracked 
|  82|0x00000000a5200000, 0x00000000a5200000, 0x00000000a5300000|  0%| F|  |TAMS 0x00000000a5200000, 0x00000000a5200000| Untracked 
|  83|0x00000000a5300000, 0x00000000a5300000, 0x00000000a5400000|  0%| F|  |TAMS 0x00000000a5300000, 0x00000000a5300000| Untracked 
|  84|0x00000000a5400000, 0x00000000a5400000, 0x00000000a5500000|  0%| F|  |TAMS 0x00000000a5400000, 0x00000000a5400000| Untracked 
|  85|0x00000000a5500000, 0x00000000a5500000, 0x00000000a5600000|  0%| F|  |TAMS 0x00000000a5500000, 0x00000000a5500000| Untracked 
|  86|0x00000000a5600000, 0x00000000a5600000, 0x00000000a5700000|  0%| F|  |TAMS 0x00000000a5600000, 0x00000000a5600000| Untracked 
|  87|0x00000000a5700000, 0x00000000a5700000, 0x00000000a5800000|  0%| F|  |TAMS 0x00000000a5700000, 0x00000000a5700000| Untracked 
|  88|0x00000000a5800000, 0x00000000a5800000, 0x00000000a5900000|  0%| F|  |TAMS 0x00000000a5800000, 0x00000000a5800000| Untracked 
|  89|0x00000000a5900000, 0x00000000a5900000, 0x00000000a5a00000|  0%| F|  |TAMS 0x00000000a5900000, 0x00000000a5900000| Untracked 
|  90|0x00000000a5a00000, 0x00000000a5a00000, 0x00000000a5b00000|  0%| F|  |TAMS 0x00000000a5a00000, 0x00000000a5a00000| Untracked 
|  91|0x00000000a5b00000, 0x00000000a5b00000, 0x00000000a5c00000|  0%| F|  |TAMS 0x00000000a5b00000, 0x00000000a5b00000| Untracked 
|  92|0x00000000a5c00000, 0x00000000a5c00000, 0x00000000a5d00000|  0%| F|  |TAMS 0x00000000a5c00000, 0x00000000a5c00000| Untracked 
|  93|0x00000000a5d00000, 0x00000000a5d4bbb0, 0x00000000a5e00000| 29%| S|CS|TAMS 0x00000000a5d00000, 0x00000000a5d00000| Complete 
|  94|0x00000000a5e00000, 0x00000000a5f00000, 0x00000000a5f00000|100%| S|CS|TAMS 0x00000000a5e00000, 0x00000000a5e00000| Complete 
|  95|0x00000000a5f00000, 0x00000000a5f00000, 0x00000000a6000000|  0%| F|  |TAMS 0x00000000a5f00000, 0x00000000a5f00000| Untracked 
|  96|0x00000000a6000000, 0x00000000a6000000, 0x00000000a6100000|  0%| F|  |TAMS 0x00000000a6000000, 0x00000000a6000000| Untracked 
|  97|0x00000000a6100000, 0x00000000a6100000, 0x00000000a6200000|  0%| F|  |TAMS 0x00000000a6100000, 0x00000000a6100000| Untracked 
|  98|0x00000000a6200000, 0x00000000a6200000, 0x00000000a6300000|  0%| F|  |TAMS 0x00000000a6200000, 0x00000000a6200000| Untracked 
|  99|0x00000000a6300000, 0x00000000a6300000, 0x00000000a6400000|  0%| F|  |TAMS 0x00000000a6300000, 0x00000000a6300000| Untracked 
| 100|0x00000000a6400000, 0x00000000a6400000, 0x00000000a6500000|  0%| F|  |TAMS 0x00000000a6400000, 0x00000000a6400000| Untracked 
| 101|0x00000000a6500000, 0x00000000a6500000, 0x00000000a6600000|  0%| F|  |TAMS 0x00000000a6500000, 0x00000000a6500000| Untracked 
| 102|0x00000000a6600000, 0x00000000a6600000, 0x00000000a6700000|  0%| F|  |TAMS 0x00000000a6600000, 0x00000000a6600000| Untracked 
| 103|0x00000000a6700000, 0x00000000a6700000, 0x00000000a6800000|  0%| F|  |TAMS 0x00000000a6700000, 0x00000000a6700000| Untracked 
| 104|0x00000000a6800000, 0x00000000a6800000, 0x00000000a6900000|  0%| F|  |TAMS 0x00000000a6800000, 0x00000000a6800000| Untracked 
| 105|0x00000000a6900000, 0x00000000a6900000, 0x00000000a6a00000|  0%| F|  |TAMS 0x00000000a6900000, 0x00000000a6900000| Untracked 
| 106|0x00000000a6a00000, 0x00000000a6a80800, 0x00000000a6b00000| 50%| E|  |TAMS 0x00000000a6a00000, 0x00000000a6a00000| Complete 
| 107|0x00000000a6b00000, 0x00000000a6c00000, 0x00000000a6c00000|100%| E|CS|TAMS 0x00000000a6b00000, 0x00000000a6b00000| Complete 
| 108|0x00000000a6c00000, 0x00000000a6d00000, 0x00000000a6d00000|100%| E|CS|TAMS 0x00000000a6c00000, 0x00000000a6c00000| Complete 
| 109|0x00000000a6d00000, 0x00000000a6e00000, 0x00000000a6e00000|100%| E|CS|TAMS 0x00000000a6d00000, 0x00000000a6d00000| Complete 
| 110|0x00000000a6e00000, 0x00000000a6f00000, 0x00000000a6f00000|100%| E|CS|TAMS 0x00000000a6e00000, 0x00000000a6e00000| Complete 
| 111|0x00000000a6f00000, 0x00000000a7000000, 0x00000000a7000000|100%| E|CS|TAMS 0x00000000a6f00000, 0x00000000a6f00000| Complete 
| 112|0x00000000a7000000, 0x00000000a7100000, 0x00000000a7100000|100%| E|CS|TAMS 0x00000000a7000000, 0x00000000a7000000| Complete 
| 113|0x00000000a7100000, 0x00000000a7200000, 0x00000000a7200000|100%| E|CS|TAMS 0x00000000a7100000, 0x00000000a7100000| Complete 
| 114|0x00000000a7200000, 0x00000000a7300000, 0x00000000a7300000|100%| E|CS|TAMS 0x00000000a7200000, 0x00000000a7200000| Complete 
| 115|0x00000000a7300000, 0x00000000a7400000, 0x00000000a7400000|100%| E|CS|TAMS 0x00000000a7300000, 0x00000000a7300000| Complete 
| 116|0x00000000a7400000, 0x00000000a7500000, 0x00000000a7500000|100%| E|CS|TAMS 0x00000000a7400000, 0x00000000a7400000| Complete 
| 117|0x00000000a7500000, 0x00000000a7600000, 0x00000000a7600000|100%| E|CS|TAMS 0x00000000a7500000, 0x00000000a7500000| Complete 
| 118|0x00000000a7600000, 0x00000000a7700000, 0x00000000a7700000|100%| E|CS|TAMS 0x00000000a7600000, 0x00000000a7600000| Complete 
| 119|0x00000000a7700000, 0x00000000a7800000, 0x00000000a7800000|100%| E|CS|TAMS 0x00000000a7700000, 0x00000000a7700000| Complete 
| 120|0x00000000a7800000, 0x00000000a7900000, 0x00000000a7900000|100%| E|CS|TAMS 0x00000000a7800000, 0x00000000a7800000| Complete 
| 121|0x00000000a7900000, 0x00000000a7a00000, 0x00000000a7a00000|100%| E|CS|TAMS 0x00000000a7900000, 0x00000000a7900000| Complete 
| 122|0x00000000a7a00000, 0x00000000a7b00000, 0x00000000a7b00000|100%| E|CS|TAMS 0x00000000a7a00000, 0x00000000a7a00000| Complete 
| 127|0x00000000a7f00000, 0x00000000a8000000, 0x00000000a8000000|100%| E|CS|TAMS 0x00000000a7f00000, 0x00000000a7f00000| Complete 

Card table byte_map: [0x000002b9c7390000,0x000002b9c7690000] _byte_map_base: 0x000002b9c6e90000

Marking Bits (Prev, Next): (CMBitMap*) 0x000002b9b051df70, (CMBitMap*) 0x000002b9b051dfb0
 Prev Bits: [0x000002b9c7990000, 0x000002b9c9190000)
 Next Bits: [0x000002b9c9190000, 0x000002b9ca990000)

Polling page: 0x000002b9ae670000

Metaspace:

Usage:
  Non-class:     51.42 MB used.
      Class:      8.03 MB used.
       Both:     59.45 MB used.

Virtual space:
  Non-class space:       56.00 MB reserved,      51.75 MB ( 92%) committed,  7 nodes.
      Class space:        1.00 GB reserved,       8.31 MB ( <1%) committed,  1 nodes.
             Both:        1.05 GB reserved,      60.06 MB (  6%) committed. 

Chunk freelists:
   Non-Class:  3.72 MB
       Class:  3.70 MB
        Both:  7.42 MB

MaxMetaspaceSize: unlimited
CompressedClassSpaceSize: 1.00 GB
Initial GC threshold: 21.00 MB
Current GC threshold: 100.12 MB
CDS: on
MetaspaceReclaimPolicy: balanced
 - commit_granule_bytes: 65536.
 - commit_granule_words: 8192.
 - virtual_space_node_default_size: 1048576.
 - enlarge_chunks_in_place: 1.
 - new_chunks_are_fully_committed: 0.
 - uncommit_free_chunks: 1.
 - use_allocation_guard: 0.
 - handle_deallocations: 1.


Internal statistics:

num_allocs_failed_limit: 6.
num_arena_births: 750.
num_arena_deaths: 0.
num_vsnodes_births: 8.
num_vsnodes_deaths: 0.
num_space_committed: 961.
num_space_uncommitted: 0.
num_chunks_returned_to_freelist: 6.
num_chunks_taken_from_freelist: 3172.
num_chunk_merges: 6.
num_chunk_splits: 2092.
num_chunks_enlarged: 1384.
num_purges: 0.
num_inconsistent_stats: 0.

CodeHeap 'non-profiled nmethods': size=120000Kb used=3708Kb max_used=3708Kb free=116291Kb
 bounds [0x000002b9bf830000, 0x000002b9bfbd0000, 0x000002b9c6d60000]
CodeHeap 'profiled nmethods': size=120000Kb used=14270Kb max_used=14270Kb free=105729Kb
 bounds [0x000002b9b7d60000, 0x000002b9b8b50000, 0x000002b9bf290000]
CodeHeap 'non-nmethods': size=5760Kb used=2361Kb max_used=2462Kb free=3398Kb
 bounds [0x000002b9bf290000, 0x000002b9bf500000, 0x000002b9bf830000]
 total_blobs=8595 nmethods=7706 adapters=801
 compilation: disabled (not enough contiguous free space left)
              stopped_count=1, restarted_count=0
 full_count=1

Compilation events (20 events):
Event: 19.542 Thread 0x000002b9cd3808a0 nmethod 8575 0x000002b9b8b4cb10 code [0x000002b9b8b4cce0, 0x000002b9b8b4d058]
Event: 19.542 Thread 0x000002b9cd3808a0 8577       3       org.gradle.api.artifacts.Configuration$Namer::determineName (9 bytes)
Event: 19.542 Thread 0x000002b9cd3808a0 nmethod 8577 0x000002b9b8b4d190 code [0x000002b9b8b4d340, 0x000002b9b8b4d688]
Event: 19.542 Thread 0x000002b9cd3808a0 8578       3       org.gradle.api.internal.project.DefaultProject::getIdentityPath (10 bytes)
Event: 19.542 Thread 0x000002b9cd3808a0 nmethod 8578 0x000002b9b8b4d790 code [0x000002b9b8b4d920, 0x000002b9b8b4da98]
Event: 19.543 Thread 0x000002b9cd3808a0 8580       3       org.gradle.api.internal.DefaultNamedDomainObjectCollection::hasWithName (32 bytes)
Event: 19.543 Thread 0x000002b9cd3808a0 nmethod 8580 0x000002b9b8b4db90 code [0x000002b9b8b4dd40, 0x000002b9b8b4e098]
Event: 19.543 Thread 0x000002b9cd3808a0 8582       3       org.gradle.internal.serialize.kryo.KryoBackedEncoder::writeSmallInt (11 bytes)
Event: 19.544 Thread 0x000002b9cd3808a0 nmethod 8582 0x000002b9b8b4e190 code [0x000002b9b8b4e340, 0x000002b9b8b4e4e8]
Event: 19.544 Thread 0x000002b9cd3808a0 8583       3       kotlin.collections.CollectionsKt___CollectionsKt::last (75 bytes)
Event: 19.545 Thread 0x000002b9cd3808a0 nmethod 8583 0x000002b9b8b4e610 code [0x000002b9b8b4e8c0, 0x000002b9b8b4f6c8]
Event: 19.545 Thread 0x000002b9cd3808a0 8584       3       kotlin.collections.CollectionsKt___CollectionsKt::last (36 bytes)
Event: 19.546 Thread 0x000002b9cd3808a0 nmethod 8584 0x000002b9bfbcc510 code [0x000002b9bfbcc7e0, 0x000002b9bfbcd5f8]
Event: 19.546 Thread 0x000002b9cd3808a0 8588       3       org.gradle.internal.metaobject.BeanDynamicObject$MetaClassAdapter::hasProperty (68 bytes)
Event: 19.547 Thread 0x000002b9cd3808a0 nmethod 8588 0x000002b9bfbcda90 code [0x000002b9bfbcdca0, 0x000002b9bfbce458]
Event: 19.547 Thread 0x000002b9cd3808a0 8585       3       kotlin.collections.CollectionsKt__CollectionsKt::getLastIndex (15 bytes)
Event: 19.547 Thread 0x000002b9cd3808a0 nmethod 8585 0x000002b9bfbce690 code [0x000002b9bfbce8a0, 0x000002b9bfbceee8]
Event: 19.547 Thread 0x000002b9cd3808a0 8586       3       org.jetbrains.kotlin.gradle.utils.StringUtilsKt$lowerCamelCaseName$1::invoke (9 bytes)
Event: 19.549 Thread 0x000002b9cd3808a0 

Event: 19.552 Thread 0x000002b9cd37d710 


GC Heap History (20 events):
Event: 11.671 GC heap before
{Heap before GC invocations=19 (full 0):
 garbage-first heap   total 92160K, used 63141K [0x00000000a0000000, 0x0000000100000000)
  region size 1024K, 15 young (15360K), 3 survivors (3072K)
 Metaspace       used 44192K, committed 44672K, reserved 1089536K
  class space    used 6048K, committed 6272K, reserved 1048576K
}
Event: 11.673 GC heap after
{Heap after GC invocations=20 (full 0):
 garbage-first heap   total 92160K, used 53087K [0x00000000a0000000, 0x0000000100000000)
  region size 1024K, 2 young (2048K), 2 survivors (2048K)
 Metaspace       used 44192K, committed 44672K, reserved 1089536K
  class space    used 6048K, committed 6272K, reserved 1048576K
}
Event: 11.911 GC heap before
{Heap before GC invocations=20 (full 0):
 garbage-first heap   total 92160K, used 66399K [0x00000000a0000000, 0x0000000100000000)
  region size 1024K, 15 young (15360K), 2 survivors (2048K)
 Metaspace       used 45719K, committed 46272K, reserved 1089536K
  class space    used 6267K, committed 6528K, reserved 1048576K
}
Event: 11.913 GC heap after
{Heap after GC invocations=21 (full 0):
 garbage-first heap   total 92160K, used 53474K [0x00000000a0000000, 0x0000000100000000)
  region size 1024K, 1 young (1024K), 1 survivors (1024K)
 Metaspace       used 45719K, committed 46272K, reserved 1089536K
  class space    used 6267K, committed 6528K, reserved 1048576K
}
Event: 12.341 GC heap before
{Heap before GC invocations=22 (full 0):
 garbage-first heap   total 96256K, used 67810K [0x00000000a0000000, 0x0000000100000000)
  region size 1024K, 15 young (15360K), 1 survivors (1024K)
 Metaspace       used 47753K, committed 48320K, reserved 1097728K
  class space    used 6534K, committed 6784K, reserved 1048576K
}
Event: 12.344 GC heap after
{Heap after GC invocations=23 (full 0):
 garbage-first heap   total 126976K, used 54086K [0x00000000a0000000, 0x0000000100000000)
  region size 1024K, 2 young (2048K), 2 survivors (2048K)
 Metaspace       used 47753K, committed 48320K, reserved 1097728K
  class space    used 6534K, committed 6784K, reserved 1048576K
}
Event: 13.007 GC heap before
{Heap before GC invocations=23 (full 0):
 garbage-first heap   total 126976K, used 85830K [0x00000000a0000000, 0x0000000100000000)
  region size 1024K, 33 young (33792K), 2 survivors (2048K)
 Metaspace       used 52452K, committed 53056K, reserved 1097728K
  class space    used 7141K, committed 7424K, reserved 1048576K
}
Event: 13.012 GC heap after
{Heap after GC invocations=24 (full 0):
 garbage-first heap   total 126976K, used 55441K [0x00000000a0000000, 0x0000000100000000)
  region size 1024K, 3 young (3072K), 3 survivors (3072K)
 Metaspace       used 52452K, committed 53056K, reserved 1097728K
  class space    used 7141K, committed 7424K, reserved 1048576K
}
Event: 14.322 GC heap before
{Heap before GC invocations=24 (full 0):
 garbage-first heap   total 126976K, used 89233K [0x00000000a0000000, 0x0000000100000000)
  region size 1024K, 36 young (36864K), 3 survivors (3072K)
 Metaspace       used 54897K, committed 55424K, reserved 1097728K
  class space    used 7441K, committed 7680K, reserved 1048576K
}
Event: 14.329 GC heap after
{Heap after GC invocations=25 (full 0):
 garbage-first heap   total 126976K, used 58370K [0x00000000a0000000, 0x0000000100000000)
  region size 1024K, 5 young (5120K), 5 survivors (5120K)
 Metaspace       used 54897K, committed 55424K, reserved 1097728K
  class space    used 7441K, committed 7680K, reserved 1048576K
}
Event: 15.124 GC heap before
{Heap before GC invocations=25 (full 0):
 garbage-first heap   total 126976K, used 94210K [0x00000000a0000000, 0x0000000100000000)
  region size 1024K, 39 young (39936K), 5 survivors (5120K)
 Metaspace       used 57749K, committed 58304K, reserved 1105920K
  class space    used 7789K, committed 8064K, reserved 1048576K
}
Event: 15.132 GC heap after
{Heap after GC invocations=26 (full 0):
 garbage-first heap   total 126976K, used 60473K [0x00000000a0000000, 0x0000000100000000)
  region size 1024K, 2 young (2048K), 2 survivors (2048K)
 Metaspace       used 57749K, committed 58304K, reserved 1105920K
  class space    used 7789K, committed 8064K, reserved 1048576K
}
Event: 17.023 GC heap before
{Heap before GC invocations=26 (full 0):
 garbage-first heap   total 126976K, used 95289K [0x00000000a0000000, 0x0000000100000000)
  region size 1024K, 36 young (36864K), 2 survivors (2048K)
 Metaspace       used 59330K, committed 59904K, reserved 1105920K
  class space    used 7941K, committed 8256K, reserved 1048576K
}
Event: 17.028 GC heap after
{Heap after GC invocations=27 (full 0):
 garbage-first heap   total 126976K, used 62325K [0x00000000a0000000, 0x0000000100000000)
  region size 1024K, 4 young (4096K), 4 survivors (4096K)
 Metaspace       used 59330K, committed 59904K, reserved 1105920K
  class space    used 7941K, committed 8256K, reserved 1048576K
}
Event: 18.003 GC heap before
{Heap before GC invocations=28 (full 0):
 garbage-first heap   total 126976K, used 101237K [0x00000000a0000000, 0x0000000100000000)
  region size 1024K, 39 young (39936K), 4 survivors (4096K)
 Metaspace       used 59709K, committed 60224K, reserved 1105920K
  class space    used 8008K, committed 8256K, reserved 1048576K
}
Event: 18.012 GC heap after
{Heap after GC invocations=29 (full 0):
 garbage-first heap   total 126976K, used 70151K [0x00000000a0000000, 0x0000000100000000)
  region size 1024K, 5 young (5120K), 5 survivors (5120K)
 Metaspace       used 59709K, committed 60224K, reserved 1105920K
  class space    used 8008K, committed 8256K, reserved 1048576K
}
Event: 18.034 GC heap before
{Heap before GC invocations=29 (full 0):
 garbage-first heap   total 126976K, used 71175K [0x00000000a0000000, 0x0000000100000000)
  region size 1024K, 6 young (6144K), 5 survivors (5120K)
 Metaspace       used 59730K, committed 60288K, reserved 1105920K
  class space    used 8011K, committed 8256K, reserved 1048576K
}
Event: 18.039 GC heap after
{Heap after GC invocations=30 (full 0):
 garbage-first heap   total 126976K, used 71116K [0x00000000a0000000, 0x0000000100000000)
  region size 1024K, 1 young (1024K), 1 survivors (1024K)
 Metaspace       used 59730K, committed 60288K, reserved 1105920K
  class space    used 8011K, committed 8256K, reserved 1048576K
}
Event: 19.077 GC heap before
{Heap before GC invocations=30 (full 0):
 garbage-first heap   total 126976K, used 99788K [0x00000000a0000000, 0x0000000100000000)
  region size 1024K, 29 young (29696K), 1 survivors (1024K)
 Metaspace       used 60829K, committed 61504K, reserved 1105920K
  class space    used 8220K, committed 8512K, reserved 1048576K
}
Event: 19.080 GC heap after
{Heap after GC invocations=31 (full 0):
 garbage-first heap   total 126976K, used 71982K [0x00000000a0000000, 0x0000000100000000)
  region size 1024K, 2 young (2048K), 2 survivors (2048K)
 Metaspace       used 60829K, committed 61504K, reserved 1105920K
  class space    used 8220K, committed 8512K, reserved 1048576K
}

Deoptimization events (20 events):
Event: 17.792 Thread 0x000002b9d00265a0 DEOPT PACKING pc=0x000002b9bfb138e0 sp=0x000000d9bd4f2840
Event: 17.792 Thread 0x000002b9d00265a0 DEOPT UNPACKING pc=0x000002b9bf2e23a3 sp=0x000000d9bd4f2828 mode 2
Event: 18.098 Thread 0x000002b9d00265a0 Uncommon trap: trap_request=0xfffffff4 fr.pc=0x000002b9bfa74588 relative=0x0000000000006b88
Event: 18.098 Thread 0x000002b9d00265a0 Uncommon trap: reason=null_check action=make_not_entrant pc=0x000002b9bfa74588 method=jdk.internal.loader.URLClassPath$JarLoader.getResource(Ljava/lang/String;ZLjava/util/Set;)Ljdk/internal/loader/Resource; @ 92 c2
Event: 18.098 Thread 0x000002b9d00265a0 DEOPT PACKING pc=0x000002b9bfa74588 sp=0x000000d9bd4f1670
Event: 18.098 Thread 0x000002b9d00265a0 DEOPT UNPACKING pc=0x000002b9bf2e23a3 sp=0x000000d9bd4f1648 mode 2
Event: 18.649 Thread 0x000002b9d0024d90 DEOPT PACKING pc=0x000002b9b87c989e sp=0x000000d9bdafe890
Event: 18.649 Thread 0x000002b9d0024d90 DEOPT UNPACKING pc=0x000002b9bf2e2b43 sp=0x000000d9bdafdd00 mode 0
Event: 19.424 Thread 0x000002b9d00265a0 Uncommon trap: trap_request=0xfffffff4 fr.pc=0x000002b9bfb4eed0 relative=0x0000000000000a30
Event: 19.424 Thread 0x000002b9d00265a0 Uncommon trap: reason=null_check action=make_not_entrant pc=0x000002b9bfb4eed0 method=com.sun.beans.introspect.MethodInfo$MethodOrder.compare(Ljava/lang/reflect/Method;Ljava/lang/reflect/Method;)I @ 133 c2
Event: 19.424 Thread 0x000002b9d00265a0 DEOPT PACKING pc=0x000002b9bfb4eed0 sp=0x000000d9bd4efe50
Event: 19.424 Thread 0x000002b9d00265a0 DEOPT UNPACKING pc=0x000002b9bf2e23a3 sp=0x000000d9bd4efd80 mode 2
Event: 19.424 Thread 0x000002b9d00265a0 Uncommon trap: trap_request=0xfffffff4 fr.pc=0x000002b9bfb5024c relative=0x00000000000009cc
Event: 19.424 Thread 0x000002b9d00265a0 Uncommon trap: reason=null_check action=make_not_entrant pc=0x000002b9bfb5024c method=com.sun.beans.introspect.MethodInfo$MethodOrder.compare(Ljava/lang/reflect/Method;Ljava/lang/reflect/Method;)I @ 133 c2
Event: 19.424 Thread 0x000002b9d00265a0 DEOPT PACKING pc=0x000002b9bfb5024c sp=0x000000d9bd4efdc0
Event: 19.424 Thread 0x000002b9d00265a0 DEOPT UNPACKING pc=0x000002b9bf2e23a3 sp=0x000000d9bd4efd78 mode 2
Event: 19.501 Thread 0x000002b9d00265a0 DEOPT PACKING pc=0x000002b9b86d2aee sp=0x000000d9bd4f10c0
Event: 19.501 Thread 0x000002b9d00265a0 DEOPT UNPACKING pc=0x000002b9bf2e2b43 sp=0x000000d9bd4f0570 mode 0
Event: 19.556 Thread 0x000002b9d00265a0 DEOPT PACKING pc=0x000002b9b8947192 sp=0x000000d9bd4efc70
Event: 19.556 Thread 0x000002b9d00265a0 DEOPT UNPACKING pc=0x000002b9bf2e2b43 sp=0x000000d9bd4ef1a0 mode 0

Classes unloaded (0 events):
No events

Classes redefined (0 events):
No events

Internal exceptions (20 events):
Event: 19.416 Thread 0x000002b9d00265a0 Exception <a 'java/lang/ClassNotFoundException'{0x00000000a76b6020}: com/android/build/gradle/internal/dsl/DefaultConfigBeanInfo> (0x00000000a76b6020) 
thrown [s\open\src\hotspot\share\classfile\systemDictionary.cpp, line 256]
Event: 19.417 Thread 0x000002b9d00265a0 Exception <a 'java/lang/ClassNotFoundException'{0x00000000a76c7c58}: com/android/build/gradle/internal/dsl/BaseFlavorBeanInfo> (0x00000000a76c7c58) 
thrown [s\open\src\hotspot\share\classfile\systemDictionary.cpp, line 256]
Event: 19.419 Thread 0x000002b9d00265a0 Exception <a 'java/lang/ClassNotFoundException'{0x00000000a76da108}: com/android/builder/core/AbstractProductFlavorBeanInfo> (0x00000000a76da108) 
thrown [s\open\src\hotspot\share\classfile\systemDictionary.cpp, line 256]
Event: 19.422 Thread 0x000002b9d00265a0 Exception <a 'java/lang/ClassNotFoundException'{0x00000000a76ec4b0}: com/android/builder/internal/BaseConfigImplBeanInfo> (0x00000000a76ec4b0) 
thrown [s\open\src\hotspot\share\classfile\systemDictionary.cpp, line 256]
Event: 19.424 Thread 0x000002b9d00265a0 Exception <a 'java/lang/ClassNotFoundException'{0x00000000a76fead0}: com/android/builder/internal/BaseConfigImplCustomizer> (0x00000000a76fead0) 
thrown [s\open\src\hotspot\share\classfile\systemDictionary.cpp, line 256]
Event: 19.424 Thread 0x000002b9d00265a0 Implicit null exception at 0x000002b9bfb4e80c to 0x000002b9bfb4eebc
Event: 19.424 Thread 0x000002b9d00265a0 Implicit null exception at 0x000002b9bfb4fbcc to 0x000002b9bfb50238
Event: 19.428 Thread 0x000002b9d00265a0 Exception <a 'java/lang/ClassNotFoundException'{0x00000000a7530928}: com/android/builder/core/AbstractProductFlavorCustomizer> (0x00000000a7530928) 
thrown [s\open\src\hotspot\share\classfile\systemDictionary.cpp, line 256]
Event: 19.435 Thread 0x000002b9d00265a0 Exception <a 'java/lang/ClassNotFoundException'{0x00000000a757d810}: com/android/build/gradle/internal/dsl/BaseFlavorCustomizer> (0x00000000a757d810) 
thrown [s\open\src\hotspot\share\classfile\systemDictionary.cpp, line 256]
Event: 19.440 Thread 0x000002b9d00265a0 Exception <a 'java/lang/ClassNotFoundException'{0x00000000a75f2eb0}: com/android/build/gradle/internal/dsl/DefaultConfigCustomizer> (0x00000000a75f2eb0) 
thrown [s\open\src\hotspot\share\classfile\systemDictionary.cpp, line 256]
Event: 19.444 Thread 0x000002b9d00265a0 Exception <a 'java/lang/ClassNotFoundException'{0x00000000a741c4c8}: com/android/build/gradle/internal/dsl/DefaultConfig$AgpDecoratedCustomizer> (0x00000000a741c4c8) 
thrown [s\open\src\hotspot\share\classfile\systemDictionary.cpp, line 256]
Event: 19.447 Thread 0x000002b9d00265a0 Exception <a 'java/lang/ClassNotFoundException'{0x00000000a746f518}: com/android/build/gradle/internal/dsl/DefaultConfig$AgpDecorated_DecoratedCustomizer> (0x00000000a746f518) 
thrown [s\open\src\hotspot\share\classfile\systemDictionary.cpp, line 256]
Event: 19.481 Thread 0x000002b9d00265a0 Exception <a 'java/lang/ClassNotFoundException'{0x00000000a72122e8}: org/gradle/api/internal/NamedDomainObjectContainerConfigureDelegateBeanInfo> (0x00000000a72122e8) 
thrown [s\open\src\hotspot\share\classfile\systemDictionary.cpp, line 256]
Event: 19.486 Thread 0x000002b9d00265a0 Exception <a 'java/lang/ClassNotFoundException'{0x00000000a7232620}: org/gradle/api/internal/NamedDomainObjectContainerConfigureDelegateCustomizer> (0x00000000a7232620) 
thrown [s\open\src\hotspot\share\classfile\systemDictionary.cpp, line 256]
Event: 19.506 Thread 0x000002b9d00265a0 Exception <a 'java/lang/ClassNotFoundException'{0x00000000a70795c8}: org/gradle/api/internal/FactoryNamedDomainObjectContainer_DecoratedBeanInfo> (0x00000000a70795c8) 
thrown [s\open\src\hotspot\share\classfile\systemDictionary.cpp, line 256]
Event: 19.508 Thread 0x000002b9d00265a0 Exception <a 'java/lang/ClassNotFoundException'{0x00000000a709b718}: org/gradle/api/internal/FactoryNamedDomainObjectContainerBeanInfo> (0x00000000a709b718) 
thrown [s\open\src\hotspot\share\classfile\systemDictionary.cpp, line 256]
Event: 19.512 Thread 0x000002b9d00265a0 Exception <a 'java/lang/ClassNotFoundException'{0x00000000a70bd880}: org/gradle/api/internal/AbstractNamedDomainObjectContainerBeanInfo> (0x00000000a70bd880) 
thrown [s\open\src\hotspot\share\classfile\systemDictionary.cpp, line 256]
Event: 19.514 Thread 0x000002b9d00265a0 Exception <a 'java/lang/ClassNotFoundException'{0x00000000a70dfc98}: org/gradle/api/internal/AbstractNamedDomainObjectContainerCustomizer> (0x00000000a70dfc98) 
thrown [s\open\src\hotspot\share\classfile\systemDictionary.cpp, line 256]
Event: 19.519 Thread 0x000002b9d00265a0 Exception <a 'java/lang/ClassNotFoundException'{0x00000000a6f14e50}: org/gradle/api/internal/FactoryNamedDomainObjectContainerCustomizer> (0x00000000a6f14e50) 
thrown [s\open\src\hotspot\share\classfile\systemDictionary.cpp, line 256]
Event: 19.523 Thread 0x000002b9d00265a0 Exception <a 'java/lang/ClassNotFoundException'{0x00000000a6f3f138}: org/gradle/api/internal/FactoryNamedDomainObjectContainer_DecoratedCustomizer> (0x00000000a6f3f138) 
thrown [s\open\src\hotspot\share\classfile\systemDictionary.cpp, line 256]

VM Operations (20 events):
Event: 18.003 Executing VM operation: G1CollectForAllocation
Event: 18.012 Executing VM operation: G1CollectForAllocation done
Event: 18.034 Executing VM operation: G1CollectForAllocation
Event: 18.039 Executing VM operation: G1CollectForAllocation done
Event: 18.089 Executing VM operation: HandshakeAllThreads
Event: 18.090 Executing VM operation: HandshakeAllThreads done
Event: 18.331 Executing VM operation: HandshakeAllThreads
Event: 18.331 Executing VM operation: HandshakeAllThreads done
Event: 18.335 Executing VM operation: HandshakeAllThreads
Event: 18.336 Executing VM operation: HandshakeAllThreads done
Event: 18.802 Executing VM operation: HandshakeAllThreads
Event: 18.802 Executing VM operation: HandshakeAllThreads done
Event: 19.077 Executing VM operation: G1CollectForAllocation
Event: 19.080 Executing VM operation: G1CollectForAllocation done
Event: 19.187 Executing VM operation: G1Concurrent
Event: 19.267 Executing VM operation: G1Concurrent done
Event: 19.304 Executing VM operation: G1Concurrent
Event: 19.305 Executing VM operation: G1Concurrent done
Event: 19.520 Executing VM operation: HandshakeAllThreads
Event: 19.520 Executing VM operation: HandshakeAllThreads done

Events (20 events):
Event: 18.081 loading class java/nio/file/WatchEvent
Event: 18.082 loading class java/nio/file/WatchEvent done
Event: 18.088 loading class java/io/LineNumberReader
Event: 18.088 loading class java/io/LineNumberReader done
Event: 18.098 loading class jdk/internal/loader/URLClassPath$JarLoader$3
Event: 18.098 loading class jdk/internal/loader/URLClassPath$JarLoader$3 done
Event: 18.161 Thread 0x000002b9d30ccd30 Thread added: 0x000002b9d30ccd30
Event: 18.713 loading class java/util/stream/ReferencePipeline$4
Event: 18.713 loading class java/util/stream/ReferencePipeline$4 done
Event: 18.713 loading class java/util/function/IntBinaryOperator
Event: 18.713 loading class java/util/function/IntBinaryOperator done
Event: 18.713 loading class java/util/stream/ReduceOps$6
Event: 18.714 loading class java/util/stream/ReduceOps$6 done
Event: 18.714 loading class java/util/stream/ReduceOps$5ReducingSink
Event: 18.714 loading class java/util/stream/ReduceOps$5ReducingSink done
Event: 18.714 loading class java/util/stream/ReferencePipeline$4$1
Event: 18.714 loading class java/util/stream/ReferencePipeline$4$1 done
Event: 19.438 loading class java/beans/IntrospectionException
Event: 19.438 loading class java/beans/IntrospectionException done
Event: 19.521 Thread 0x000002b9cd396130 flushing nmethod 0x000002b9bf9a9310


Dynamic libraries:
0x00007ff6456f0000 - 0x00007ff645700000 	C:\Program Files\Java\jdk-17\bin\java.exe
0x00007ff808dd0000 - 0x00007ff808fc8000 	C:\Windows\SYSTEM32\ntdll.dll
0x00007ff808c20000 - 0x00007ff808cdf000 	C:\Windows\System32\KERNEL32.DLL
0x00007ff806530000 - 0x00007ff806802000 	C:\Windows\System32\KERNELBASE.dll
0x00007ff806ce0000 - 0x00007ff806de0000 	C:\Windows\System32\ucrtbase.dll
0x00007fffed600000 - 0x00007fffed618000 	C:\Program Files\Java\jdk-17\bin\jli.dll
0x00007ff808140000 - 0x00007ff8081ee000 	C:\Windows\System32\ADVAPI32.dll
0x00007ff807db0000 - 0x00007ff807e4e000 	C:\Windows\System32\msvcrt.dll
0x00007fffed620000 - 0x00007fffed63b000 	C:\Program Files\Java\jdk-17\bin\VCRUNTIME140.dll
0x00007ff807400000 - 0x00007ff80749c000 	C:\Windows\System32\sechost.dll
0x00007ff807eb0000 - 0x00007ff807fd5000 	C:\Windows\System32\RPCRT4.dll
0x00007ff807940000 - 0x00007ff807ae1000 	C:\Windows\System32\USER32.dll
0x00007ff806de0000 - 0x00007ff806e02000 	C:\Windows\System32\win32u.dll
0x00007ff807af0000 - 0x00007ff807b1b000 	C:\Windows\System32\GDI32.dll
0x00007ff806bd0000 - 0x00007ff806cdf000 	C:\Windows\System32\gdi32full.dll
0x00007ff806b30000 - 0x00007ff806bcd000 	C:\Windows\System32\msvcp_win.dll
0x00007fffedc60000 - 0x00007fffedefa000 	C:\Windows\WinSxS\amd64_microsoft.windows.common-controls_6595b64144ccf1df_6.0.19041.1110_none_60b5254171f9507e\COMCTL32.dll
0x00007fffff4a0000 - 0x00007fffff4aa000 	C:\Windows\SYSTEM32\VERSION.dll
0x00007ff806e10000 - 0x00007ff806e42000 	C:\Windows\System32\IMM32.DLL
0x00007ffff3330000 - 0x00007ffff333c000 	C:\Program Files\Java\jdk-17\bin\vcruntime140_1.dll
0x00007fffc4470000 - 0x00007fffc44fe000 	C:\Program Files\Java\jdk-17\bin\msvcp140.dll
0x00007fffc3890000 - 0x00007fffc4467000 	C:\Program Files\Java\jdk-17\bin\server\jvm.dll
0x00007ff807da0000 - 0x00007ff807da8000 	C:\Windows\System32\PSAPI.DLL
0x00007ffff0050000 - 0x00007ffff0077000 	C:\Windows\SYSTEM32\WINMM.dll
0x00007fffecda0000 - 0x00007fffecda9000 	C:\Windows\SYSTEM32\WSOCK32.dll
0x00007ff807b20000 - 0x00007ff807b8b000 	C:\Windows\System32\WS2_32.dll
0x00007ff804d10000 - 0x00007ff804d22000 	C:\Windows\SYSTEM32\kernel.appcore.dll
0x00007ffff0980000 - 0x00007ffff098a000 	C:\Program Files\Java\jdk-17\bin\jimage.dll
0x00007ff804260000 - 0x00007ff804444000 	C:\Windows\SYSTEM32\DBGHELP.DLL
0x00007ffff0010000 - 0x00007ffff0045000 	C:\Windows\SYSTEM32\dbgcore.DLL
0x00007ff806910000 - 0x00007ff806992000 	C:\Windows\System32\bcryptPrimitives.dll
0x00007fffe2470000 - 0x00007fffe2495000 	C:\Program Files\Java\jdk-17\bin\java.dll
0x00007fffc37b0000 - 0x00007fffc3887000 	C:\Program Files\Java\jdk-17\bin\jsvml.dll
0x00007ff8083a0000 - 0x00007ff808ae4000 	C:\Windows\System32\SHELL32.dll
0x00007ff804560000 - 0x00007ff804cf2000 	C:\Windows\SYSTEM32\windows.storage.dll
0x00007ff8074a0000 - 0x00007ff8077f5000 	C:\Windows\System32\combase.dll
0x00007ff805e40000 - 0x00007ff805e70000 	C:\Windows\SYSTEM32\Wldp.dll
0x00007ff807350000 - 0x00007ff8073fd000 	C:\Windows\System32\SHCORE.dll
0x00007ff807e50000 - 0x00007ff807ea5000 	C:\Windows\System32\shlwapi.dll
0x00007ff806400000 - 0x00007ff80641f000 	C:\Windows\SYSTEM32\profapi.dll
0x00007fffe84b0000 - 0x00007fffe84c9000 	C:\Program Files\Java\jdk-17\bin\net.dll
0x00007ffffef00000 - 0x00007fffff00c000 	C:\Windows\SYSTEM32\WINHTTP.dll
0x00007ff805ba0000 - 0x00007ff805c0a000 	C:\Windows\system32\mswsock.dll
0x00007fffe6f90000 - 0x00007fffe6fa6000 	C:\Program Files\Java\jdk-17\bin\nio.dll
0x00007fffe6e00000 - 0x00007fffe6e18000 	C:\Program Files\Java\jdk-17\bin\zip.dll
0x00007ffff0550000 - 0x00007ffff0560000 	C:\Program Files\Java\jdk-17\bin\verify.dll
0x00007fffc4e30000 - 0x00007fffc4e57000 	C:\Users\HP\.gradle\native\e1d6ef7f7dcc3fd88c89a11ec53ec762bb8ba0a96d01ffa2cd45eb1d1d8dd5c5\windows-amd64\native-platform.dll
0x00007fff888d0000 - 0x00007fff88a14000 	C:\Users\HP\.gradle\native\0d407fdbe67a94daf76414ababcb853783967236a71b16ec16e742cd7a986fd3\windows-amd64\native-platform-file-events.dll
0x00007fffefc50000 - 0x00007fffefc5a000 	C:\Program Files\Java\jdk-17\bin\management.dll
0x00007fffee330000 - 0x00007fffee33b000 	C:\Program Files\Java\jdk-17\bin\management_ext.dll
0x00007ff805d90000 - 0x00007ff805da8000 	C:\Windows\SYSTEM32\CRYPTSP.dll
0x00007ff8054c0000 - 0x00007ff8054f4000 	C:\Windows\system32\rsaenh.dll
0x00007ff8069a0000 - 0x00007ff8069c7000 	C:\Windows\System32\bcrypt.dll
0x00007ff8063c0000 - 0x00007ff8063ee000 	C:\Windows\SYSTEM32\USERENV.dll
0x00007ff805db0000 - 0x00007ff805dbc000 	C:\Windows\SYSTEM32\CRYPTBASE.dll
0x00007ff805890000 - 0x00007ff8058cb000 	C:\Windows\SYSTEM32\IPHLPAPI.DLL
0x00007ff807b90000 - 0x00007ff807b98000 	C:\Windows\System32\NSI.dll
0x00007ffffe4c0000 - 0x00007ffffe4d7000 	C:\Windows\SYSTEM32\dhcpcsvc6.DLL
0x00007ffffe4a0000 - 0x00007ffffe4bd000 	C:\Windows\SYSTEM32\dhcpcsvc.DLL
0x00007ff8058d0000 - 0x00007ff80599a000 	C:\Windows\SYSTEM32\DNSAPI.dll
0x00007fffedfb0000 - 0x00007fffedfbd000 	C:\Program Files\Java\jdk-17\bin\sunmscapi.dll
0x00007ff8069d0000 - 0x00007ff806b26000 	C:\Windows\System32\CRYPT32.dll
0x00007ff805eb0000 - 0x00007ff805ed7000 	C:\Windows\SYSTEM32\ncrypt.dll
0x00007ff805e70000 - 0x00007ff805eab000 	C:\Windows\SYSTEM32\NTASN1.dll
0x00007fffecd60000 - 0x00007fffecd67000 	C:\Windows\system32\wshunix.dll

dbghelp: loaded successfully - version: 4.0.5 - missing functions: none
symbol engine: initialized successfully - sym options: 0x614 - pdb path: .;C:\Program Files\Java\jdk-17\bin;C:\Windows\SYSTEM32;C:\Windows\WinSxS\amd64_microsoft.windows.common-controls_6595b64144ccf1df_6.0.19041.1110_none_60b5254171f9507e;C:\Program Files\Java\jdk-17\bin\server;C:\Users\HP\.gradle\native\e1d6ef7f7dcc3fd88c89a11ec53ec762bb8ba0a96d01ffa2cd45eb1d1d8dd5c5\windows-amd64;C:\Users\HP\.gradle\native\0d407fdbe67a94daf76414ababcb853783967236a71b16ec16e742cd7a986fd3\windows-amd64

VM Arguments:
jvm_args: --add-opens=java.base/java.util=ALL-UNNAMED --add-opens=java.base/java.lang=ALL-UNNAMED --add-opens=java.base/java.lang.invoke=ALL-UNNAMED --add-opens=java.base/java.util=ALL-UNNAMED --add-opens=java.prefs/java.util.prefs=ALL-UNNAMED --add-opens=java.prefs/java.util.prefs=ALL-UNNAMED --add-opens=java.base/java.nio.charset=ALL-UNNAMED --add-opens=java.base/java.net=ALL-UNNAMED --add-opens=java.base/java.util.concurrent.atomic=ALL-UNNAMED -Xmx1536M -Dfile.encoding=utf8 -Duser.country=FR -Duser.language=fr -Duser.variant 
java_command: org.gradle.launcher.daemon.bootstrap.GradleDaemon 7.5
java_class_path (initial): C:\Users\HP\.gradle\wrapper\dists\gradle-7.5-all\6qsw290k5lz422uaf8jf6m7co\gradle-7.5\lib\gradle-launcher-7.5.jar
Launcher Type: SUN_STANDARD

[Global flags]
     intx CICompilerCount                          = 4                                         {product} {ergonomic}
     uint ConcGCThreads                            = 2                                         {product} {ergonomic}
     uint G1ConcRefinementThreads                  = 8                                         {product} {ergonomic}
   size_t G1HeapRegionSize                         = 1048576                                   {product} {ergonomic}
    uintx GCDrainStackTargetSize                   = 64                                        {product} {ergonomic}
   size_t InitialHeapSize                          = 134217728                                 {product} {ergonomic}
   size_t MarkStackSize                            = 4194304                                   {product} {ergonomic}
   size_t MaxHeapSize                              = 1610612736                                {product} {command line}
   size_t MaxNewSize                               = 965738496                                 {product} {ergonomic}
   size_t MinHeapDeltaBytes                        = 1048576                                   {product} {ergonomic}
   size_t MinHeapSize                              = 8388608                                   {product} {ergonomic}
    uintx NonNMethodCodeHeapSize                   = 5839372                                {pd product} {ergonomic}
    uintx NonProfiledCodeHeapSize                  = 122909434                              {pd product} {ergonomic}
    uintx ProfiledCodeHeapSize                     = 122909434                              {pd product} {ergonomic}
    uintx ReservedCodeCacheSize                    = 251658240                              {pd product} {ergonomic}
     bool SegmentedCodeCache                       = true                                      {product} {ergonomic}
   size_t SoftMaxHeapSize                          = 1610612736                             {manageable} {ergonomic}
     bool UseCompressedClassPointers               = true                           {product lp64_product} {ergonomic}
     bool UseCompressedOops                        = true                           {product lp64_product} {ergonomic}
     bool UseG1GC                                  = true                                      {product} {ergonomic}
     bool UseLargePagesIndividualAllocation        = false                                  {pd product} {ergonomic}

Logging:
Log output configuration:
 #0: stdout all=warning uptime,level,tags
 #1: stderr all=off uptime,level,tags

Environment Variables:
PATH=C:\Program Files\Common Files\Oracle\Java\javapath;C:\Windows\system32;C:\Windows;C:\Windows\System32\Wbem;C:\Windows\System32\WindowsPowerShell\v1.0\;C:\Windows\System32\OpenSSH\;C:\Program Files (x86)\NVIDIA Corporation\PhysX\Common;F:\logiciel_pascal\bin\i386-Win32;C:\Program Files\Git\cmd;C:\Users\HP\AppData\Local\Microsoft\WindowsApps;C:\Users\HP\AppData\Local\Programs\Microsoft VS Code\bin;C:\src\flutter\bin;C:\Gradle\gradle-8.0-all\gradle-8.0\bin;C:\Program Files\Java\jdk-17\bin;
USERNAME=HP
OS=Windows_NT
PROCESSOR_IDENTIFIER=Intel64 Family 6 Model 142 Stepping 10, GenuineIntel



---------------  S Y S T E M  ---------------

OS:
 Windows 10 , 64 bit Build 19041 (10.0.19041.2364)
OS uptime: 0 days 5:10 hours

CPU: total 8 (initial active 8) (4 cores per cpu, 2 threads per core) family 6 model 142 stepping 10 microcode 0xb4, cx8, cmov, fxsr, ht, mmx, 3dnowpref, sse, sse2, sse3, ssse3, sse4.1, sse4.2, popcnt, lzcnt, tsc, tscinvbit, avx, avx2, aes, erms, clmul, bmi1, bmi2, adx, fma, vzeroupper, clflush, clflushopt

Memory: 4k page, system-wide physical 8107M (794M free)
TotalPageFile size 13919M (AvailPageFile size 0M)
current process WorkingSet (physical memory assigned to process): 351M, peak: 365M
current process commit charge ("private bytes"): 395M, peak: 411M

vm_info: Java HotSpot(TM) 64-Bit Server VM (17.0.6+9-LTS-190) for windows-amd64 JRE (17.0.6+9-LTS-190), built on Dec  6 2022 15:53:54 by "mach5one" with MS VC++ 17.1 (VS2022)

END.
